Using pre-set license
Built from '2020.3/staging' branch; Version is '2020.3.5f1 (8095aa901b9b) revision 8426922'; Using compiler version '192528614'; Build Type 'Release'
OS: 'Windows 10 Enterprise; OS build 19042.928; Version 2009; 64bit' Language: 'en' Physical Memory: 32694 MB
BatchMode: 1, IsHumanControllingUs: 0, StartBugReporterOnCrash: 0, Is64bit: 1, IsPro: 0

 COMMAND LINE ARGUMENTS:
D:\Programming\UNITY\Unity Versions\2020.3.5f1\Editor\Unity.exe
-adb2
-batchMode
-noUpm
-name
AssetImportWorker0
-projectPath
E:/My PC/Visual Studio Projects/Motores/ACT 3/Terreno_AlejandroL贸pez
-logFile
Logs/AssetImportWorker0.log
-srvPort
51539
Successfully changed project path to: E:/My PC/Visual Studio Projects/Motores/ACT 3/Terreno_AlejandroL贸pez
E:/My PC/Visual Studio Projects/Motores/ACT 3/Terreno_AlejandroL贸pez
Using Asset Import Pipeline V2.
Refreshing native plugins compatible for Editor in 21.12 ms, found 0 plugins.
Preloading 0 native plugins for Editor in 0.00 ms.
Initialize engine version: 2020.3.5f1 (8095aa901b9b)
[Subsystems] Discovering subsystems at path D:/Programming/UNITY/Unity Versions/2020.3.5f1/Editor/Data/Resources/UnitySubsystems
[Subsystems] Discovering subsystems at path E:/My PC/Visual Studio Projects/Motores/ACT 3/Terreno_AlejandroL贸pez/Assets
GfxDevice: creating device client; threaded=0
Direct3D:
    Version:  Direct3D 11.0 [level 11.1]
    Renderer: NVIDIA GeForce RTX 2070 SUPER (ID=0x1e84)
    Vendor:   
    VRAM:     8011 MB
    Driver:   27.21.14.6172
Initialize mono
Mono path[0] = 'D:/Programming/UNITY/Unity Versions/2020.3.5f1/Editor/Data/Managed'
Mono path[1] = 'D:/Programming/UNITY/Unity Versions/2020.3.5f1/Editor/Data/MonoBleedingEdge/lib/mono/unityjit'
Mono config path = 'D:/Programming/UNITY/Unity Versions/2020.3.5f1/Editor/Data/MonoBleedingEdge/etc'
Using monoOptions --debugger-agent=transport=dt_socket,embedding=1,server=y,suspend=n,address=127.0.0.1:56956
Begin MonoManager ReloadAssembly
Registering precompiled unity dll's ...
Register platform support module: D:/Programming/UNITY/Unity Versions/2020.3.5f1/Editor/Data/PlaybackEngines/WindowsStandaloneSupport/UnityEditor.WindowsStandalone.Extensions.dll
Registered in 0.001753 seconds.
Native extension for WindowsStandalone target not found
Refreshing native plugins compatible for Editor in 20.06 ms, found 0 plugins.
Preloading 0 native plugins for Editor in 0.00 ms.
Mono: successfully reloaded assembly
- Completed reload, in  1.226 seconds
Platform modules already initialized, skipping
Registering precompiled user dll's ...
Registered in 0.000420 seconds.
Begin MonoManager ReloadAssembly
Native extension for WindowsStandalone target not found
Refreshing native plugins compatible for Editor in 0.22 ms, found 0 plugins.
Preloading 0 native plugins for Editor in 0.00 ms.
Mono: successfully reloaded assembly
- Completed reload, in  0.734 seconds
Platform modules already initialized, skipping
========================================================================
Worker process is ready to serve import requests
Launched and connected shader compiler UnityShaderCompiler.exe after 0.05 seconds
Refreshing native plugins compatible for Editor in 0.20 ms, found 0 plugins.
Preloading 0 native plugins for Editor in 0.00 ms.
Unloading 1115 Unused Serialized files (Serialized files now loaded: 0)
System memory in use before: 57.1 MB.
System memory in use after: 57.1 MB.

Unloading 10 unused Assets to reduce memory usage. Loaded Objects now: 1557.
Total: 1.586300 ms (FindLiveObjects: 0.167900 ms CreateObjectMapping: 0.031200 ms MarkObjects: 1.317100 ms  DeleteObjects: 0.069100 ms)

========================================================================
Received Import Request.
  path: Assets/Scenes
  artifactKey: Guid(8c7029cf4a314d8449621fdeffff1b29) Importer(815301076,1909f56bfc062723c751e8b465ee728b)
Start importing Assets/Scenes using Guid(8c7029cf4a314d8449621fdeffff1b29) Importer(815301076,1909f56bfc062723c751e8b465ee728b)  -> (artifact id: '2650c59bd159153af03103ccc82b1f02') in 0.008806 seconds
  Import took 0.010462 seconds .

========================================================================
Received Import Request.
  Time since last request: 13.414989 seconds.
  path: Assets/Scenes/SampleScene.unity
  artifactKey: Guid(9fc0d4010bbf28b4594072e72b8655ab) Importer(815301076,1909f56bfc062723c751e8b465ee728b)
Start importing Assets/Scenes/SampleScene.unity using Guid(9fc0d4010bbf28b4594072e72b8655ab) Importer(815301076,1909f56bfc062723c751e8b465ee728b)  -> (artifact id: '02a2e40e81d35f9ada7821be9923d9eb') in 0.006469 seconds
  Import took 0.008402 seconds .

========================================================================
Received Import Request.
  Time since last request: 13.353611 seconds.
  path: Assets/Scenes/Terrain.unity
  artifactKey: Guid(9fc0d4010bbf28b4594072e72b8655ab) Importer(815301076,1909f56bfc062723c751e8b465ee728b)
Start importing Assets/Scenes/Terrain.unity using Guid(9fc0d4010bbf28b4594072e72b8655ab) Importer(815301076,1909f56bfc062723c751e8b465ee728b)  -> (artifact id: '075a53bda3093e0174b7b52bc2cc0472') in 0.001910 seconds
  Import took 0.003636 seconds .

========================================================================
Received Import Request.
  Time since last request: 18.780732 seconds.
  path: Assets/New Terrain.asset
  artifactKey: Guid(14ed19edcd927ff4d9b2509f1d13c8ef) Importer(815301076,1909f56bfc062723c751e8b465ee728b)
Start importing Assets/New Terrain.asset using Guid(14ed19edcd927ff4d9b2509f1d13c8ef) Importer(815301076,1909f56bfc062723c751e8b465ee728b)  -> (artifact id: '743856fb593a9d08dadf1f801dcdc402') in 0.033246 seconds
  Import took 0.035390 seconds .

========================================================================
Received Import Request.
  Time since last request: 96.007088 seconds.
  path: Assets
  artifactKey: Guid(00000000000000001000000000000000) Importer(815301076,1909f56bfc062723c751e8b465ee728b)
Start importing Assets using Guid(00000000000000001000000000000000) Importer(815301076,1909f56bfc062723c751e8b465ee728b)  -> (artifact id: 'e4856052512617ee48189cf1d7999900') in 0.001295 seconds
  Import took 0.002818 seconds .

========================================================================
Received Import Request.
  Time since last request: 358.651621 seconds.
  path: Assets/Textures
  artifactKey: Guid(f044ed3e25329384799a03f1fefbe1e8) Importer(815301076,1909f56bfc062723c751e8b465ee728b)
Start importing Assets/Textures using Guid(f044ed3e25329384799a03f1fefbe1e8) Importer(815301076,1909f56bfc062723c751e8b465ee728b)  -> (artifact id: 'b7546d77c36c5397c4ff393ce4ddc088') in 0.001336 seconds
  Import took 0.003015 seconds .

========================================================================
Received Import Request.
  Time since last request: 121.221236 seconds.
  path: Assets/Textures/GrassTexture.jpg
  artifactKey: Guid(3a034f18a2d79844f9d700f2ec84fc6a) Importer(815301076,1909f56bfc062723c751e8b465ee728b)
Start importing Assets/Textures/GrassTexture.jpg using Guid(3a034f18a2d79844f9d700f2ec84fc6a) Importer(815301076,1909f56bfc062723c751e8b465ee728b)  -> (artifact id: '1d1fbe1975772b4d515512fe133dfca1') in 0.062629 seconds
  Import took 0.064498 seconds .

========================================================================
Received Import Request.
  Time since last request: 0.000243 seconds.
  path: Assets/Textures/WaterTexture.jpg
  artifactKey: Guid(23593406e3a04e54993e0da03161e360) Importer(815301076,1909f56bfc062723c751e8b465ee728b)
Start importing Assets/Textures/WaterTexture.jpg using Guid(23593406e3a04e54993e0da03161e360) Importer(815301076,1909f56bfc062723c751e8b465ee728b)  -> (artifact id: '77b91b4ed2c740a6ca88294c7f373390') in 0.007814 seconds
  Import took 0.009549 seconds .

========================================================================
Received Import Request.
  Time since last request: 87.469449 seconds.
  path: Assets/Textures/StoneTexture.jpg
  artifactKey: Guid(a77be433555372f4db48cdf5db23d324) Importer(815301076,1909f56bfc062723c751e8b465ee728b)
Start importing Assets/Textures/StoneTexture.jpg using Guid(a77be433555372f4db48cdf5db23d324) Importer(815301076,1909f56bfc062723c751e8b465ee728b)  -> (artifact id: '2b7ad89b975940cd834d07cf069df22d') in 0.011602 seconds
  Import took 0.013427 seconds .

========================================================================
Received Import Request.
  Time since last request: 134.195031 seconds.
  path: Assets/Textures/NewBrush.brush
  artifactKey: Guid(9c83eab4344d6c04b88d13566c7f6478) Importer(815301076,1909f56bfc062723c751e8b465ee728b)
Start importing Assets/Textures/NewBrush.brush using Guid(9c83eab4344d6c04b88d13566c7f6478) Importer(815301076,1909f56bfc062723c751e8b465ee728b)  -> (artifact id: '5fe9a76b2f81e54832296bad8a50f71b') in 0.030823 seconds
  Import took 0.032817 seconds .

========================================================================
Received Import Request.
  Time since last request: 880.689877 seconds.
  path: Assets/Textures/Layers
  artifactKey: Guid(5f9b7e69a82710e48958282a40ad435b) Importer(815301076,1909f56bfc062723c751e8b465ee728b)
Start importing Assets/Textures/Layers using Guid(5f9b7e69a82710e48958282a40ad435b) Importer(815301076,1909f56bfc062723c751e8b465ee728b)  -> (artifact id: '2a52349b2eed4dcd8551e3b44f792e4e') in 0.001356 seconds
  Import took 0.003281 seconds .

========================================================================
Received Import Request.
  Time since last request: 151.714540 seconds.
  path: Assets/Textures/Layers/Stone.terrainlayer
  artifactKey: Guid(c9d48cf5987877d45bf2c8b941fdb351) Importer(815301076,1909f56bfc062723c751e8b465ee728b)
Start importing Assets/Textures/Layers/Stone.terrainlayer using Guid(c9d48cf5987877d45bf2c8b941fdb351) Importer(815301076,1909f56bfc062723c751e8b465ee728b)  -> (artifact id: '4a77cd06ac27fc482d36a5b16fa37e20') in 0.016086 seconds
  Import took 0.018220 seconds .

========================================================================
Received Import Request.
  Time since last request: 28.361863 seconds.
  path: Assets/New Terrain.asset
  artifactKey: Guid(14ed19edcd927ff4d9b2509f1d13c8ef) Importer(815301076,1909f56bfc062723c751e8b465ee728b)
Start importing Assets/New Terrain.asset using Guid(14ed19edcd927ff4d9b2509f1d13c8ef) Importer(815301076,1909f56bfc062723c751e8b465ee728b)  -> (artifact id: '35c4bfcae72955863899718cec172dea') in 0.010370 seconds
  Import took 0.012266 seconds .

========================================================================
Received Import Request.
  Time since last request: 16.549136 seconds.
  path: Assets/3D MODELS
  artifactKey: Guid(1a11fbd90e87efe4386ae26a0a1429a3) Importer(815301076,1909f56bfc062723c751e8b465ee728b)
Start importing Assets/3D MODELS using Guid(1a11fbd90e87efe4386ae26a0a1429a3) Importer(815301076,1909f56bfc062723c751e8b465ee728b)  -> (artifact id: '7becb1af19c8443ef5ab650b5e56bfb4') in 0.001286 seconds
  Import took 0.003044 seconds .

========================================================================
Received Import Request.
  Time since last request: 39.716211 seconds.
  path: Assets/3D MODELS/BrokenVector
  artifactKey: Guid(0ca2b2d14cb038d4fbb3b84842591117) Importer(815301076,1909f56bfc062723c751e8b465ee728b)
Start importing Assets/3D MODELS/BrokenVector using Guid(0ca2b2d14cb038d4fbb3b84842591117) Importer(815301076,1909f56bfc062723c751e8b465ee728b)  -> (artifact id: '1099d5d52b209aaba26d2ceffc1d6384') in 0.001332 seconds
  Import took 0.002956 seconds .

========================================================================
Received Import Request.
  Time since last request: 0.741107 seconds.
  path: Assets/3D MODELS/BrokenVector/LowPolyTreePack
  artifactKey: Guid(762d9af53e4f12743bc5e56e83602567) Importer(815301076,1909f56bfc062723c751e8b465ee728b)
Start importing Assets/3D MODELS/BrokenVector/LowPolyTreePack using Guid(762d9af53e4f12743bc5e56e83602567) Importer(815301076,1909f56bfc062723c751e8b465ee728b)  -> (artifact id: '9f8ed4350febabfe3fe2cfc40b7335c8') in 0.001289 seconds
  Import took 0.002829 seconds .

========================================================================
Received Import Request.
  Time since last request: 1.780934 seconds.
  path: Assets/3D MODELS/BrokenVector/LowPolyTreePack/Prefabs
  artifactKey: Guid(61e2f7a33e5cc384daa2b7f9271e54b6) Importer(815301076,1909f56bfc062723c751e8b465ee728b)
Start importing Assets/3D MODELS/BrokenVector/LowPolyTreePack/Prefabs using Guid(61e2f7a33e5cc384daa2b7f9271e54b6) Importer(815301076,1909f56bfc062723c751e8b465ee728b)  -> (artifact id: '31131f4959efdb2d9fb88bc8dd4745e0') in 0.001321 seconds
  Import took 0.002909 seconds .

========================================================================
Received Import Request.
  Time since last request: 0.051941 seconds.
  path: Assets/3D MODELS/BrokenVector/LowPolyTreePack/Prefabs/Tree Type0 01.prefab
  artifactKey: Guid(aee731a00031fcc4d9d2b075e528e050) Importer(815301076,1909f56bfc062723c751e8b465ee728b)
Start importing Assets/3D MODELS/BrokenVector/LowPolyTreePack/Prefabs/Tree Type0 01.prefab using Guid(aee731a00031fcc4d9d2b075e528e050) Importer(815301076,1909f56bfc062723c751e8b465ee728b)  -> (artifact id: 'aeeb427fb996f47c76227b55682efeec') in 0.171284 seconds
  Import took 0.173193 seconds .

========================================================================
Received Import Request.
  Time since last request: 0.000215 seconds.
  path: Assets/3D MODELS/BrokenVector/LowPolyTreePack/Prefabs/Tree Type5 03.prefab
  artifactKey: Guid(069e1e44b643edc4fb4a9d4311a78fb7) Importer(815301076,1909f56bfc062723c751e8b465ee728b)
Start importing Assets/3D MODELS/BrokenVector/LowPolyTreePack/Prefabs/Tree Type5 03.prefab using Guid(069e1e44b643edc4fb4a9d4311a78fb7) Importer(815301076,1909f56bfc062723c751e8b465ee728b)  -> (artifact id: 'ac77f87acef6ce353ca2628507c3aab2') in 0.006239 seconds
  Import took 0.007698 seconds .

========================================================================
Received Import Request.
  Time since last request: 0.000217 seconds.
  path: Assets/3D MODELS/BrokenVector/LowPolyTreePack/Prefabs/Tree Type6 04.prefab
  artifactKey: Guid(eed418c5a3c80d448b4cdbe594ebe3c5) Importer(815301076,1909f56bfc062723c751e8b465ee728b)
Start importing Assets/3D MODELS/BrokenVector/LowPolyTreePack/Prefabs/Tree Type6 04.prefab using Guid(eed418c5a3c80d448b4cdbe594ebe3c5) Importer(815301076,1909f56bfc062723c751e8b465ee728b)  -> (artifact id: '8ba3be1a60189fa993cc9b70e949b148') in 0.005616 seconds
  Import took 0.007350 seconds .

========================================================================
Received Import Request.
  Time since last request: 0.000230 seconds.
  path: Assets/3D MODELS/BrokenVector/LowPolyTreePack/Prefabs/Tree Type2 03.prefab
  artifactKey: Guid(a0c53a09e4a37b5409b1248ebce2c376) Importer(815301076,1909f56bfc062723c751e8b465ee728b)
Start importing Assets/3D MODELS/BrokenVector/LowPolyTreePack/Prefabs/Tree Type2 03.prefab using Guid(a0c53a09e4a37b5409b1248ebce2c376) Importer(815301076,1909f56bfc062723c751e8b465ee728b)  -> (artifact id: '998a13ac6ef3acc4a9f809d8e550725a') in 0.005603 seconds
  Import took 0.007216 seconds .

========================================================================
Received Import Request.
  Time since last request: 0.000214 seconds.
  path: Assets/3D MODELS/BrokenVector/LowPolyTreePack/Prefabs/Tree Type2 05.prefab
  artifactKey: Guid(c7bcf19bbfa57ed4ea9147dff66d5542) Importer(815301076,1909f56bfc062723c751e8b465ee728b)
Start importing Assets/3D MODELS/BrokenVector/LowPolyTreePack/Prefabs/Tree Type2 05.prefab using Guid(c7bcf19bbfa57ed4ea9147dff66d5542) Importer(815301076,1909f56bfc062723c751e8b465ee728b)  -> (artifact id: 'd2cbe0b57f233d8925ad0c47ad8d59d9') in 0.004908 seconds
  Import took 0.006473 seconds .

========================================================================
Received Import Request.
  Time since last request: 0.000167 seconds.
  path: Assets/3D MODELS/BrokenVector/LowPolyTreePack/Prefabs/Tree Type0 03.prefab
  artifactKey: Guid(d537224908c5f444f86c9e57e0c7234c) Importer(815301076,1909f56bfc062723c751e8b465ee728b)
Start importing Assets/3D MODELS/BrokenVector/LowPolyTreePack/Prefabs/Tree Type0 03.prefab using Guid(d537224908c5f444f86c9e57e0c7234c) Importer(815301076,1909f56bfc062723c751e8b465ee728b)  -> (artifact id: 'a46a799f17dfe116e541a1cba61c7339') in 0.005951 seconds
  Import took 0.007469 seconds .

========================================================================
Received Import Request.
  Time since last request: 0.000216 seconds.
  path: Assets/3D MODELS/BrokenVector/LowPolyTreePack/Prefabs/Tree Type0 06.prefab
  artifactKey: Guid(a9cc5585b9634a9449920c03ec6bc243) Importer(815301076,1909f56bfc062723c751e8b465ee728b)
Start importing Assets/3D MODELS/BrokenVector/LowPolyTreePack/Prefabs/Tree Type0 06.prefab using Guid(a9cc5585b9634a9449920c03ec6bc243) Importer(815301076,1909f56bfc062723c751e8b465ee728b)  -> (artifact id: 'b600052bc1e5e28753ec77f9f579eec6') in 0.005541 seconds
  Import took 0.007112 seconds .

========================================================================
Received Import Request.
  Time since last request: 0.000218 seconds.
  path: Assets/3D MODELS/BrokenVector/LowPolyTreePack/Prefabs/Tree Type0 05.prefab
  artifactKey: Guid(9469bb1d3aa88ca40aa4079e96a27f8e) Importer(815301076,1909f56bfc062723c751e8b465ee728b)
Start importing Assets/3D MODELS/BrokenVector/LowPolyTreePack/Prefabs/Tree Type0 05.prefab using Guid(9469bb1d3aa88ca40aa4079e96a27f8e) Importer(815301076,1909f56bfc062723c751e8b465ee728b)  -> (artifact id: '8c81fd824f440115d6f03497b6fd8779') in 0.006027 seconds
  Import took 0.007801 seconds .

========================================================================
Received Import Request.
  Time since last request: 0.000213 seconds.
  path: Assets/3D MODELS/BrokenVector/LowPolyTreePack/Prefabs/Tree Type6 02.prefab
  artifactKey: Guid(ac00d368a6864c04791bc85c5567bd51) Importer(815301076,1909f56bfc062723c751e8b465ee728b)
Start importing Assets/3D MODELS/BrokenVector/LowPolyTreePack/Prefabs/Tree Type6 02.prefab using Guid(ac00d368a6864c04791bc85c5567bd51) Importer(815301076,1909f56bfc062723c751e8b465ee728b)  -> (artifact id: 'f21568618779c941cc0dcad368407643') in 0.005418 seconds
  Import took 0.006891 seconds .

========================================================================
Received Import Request.
  Time since last request: 0.000221 seconds.
  path: Assets/3D MODELS/BrokenVector/LowPolyTreePack/Prefabs/Tree Type4 04.prefab
  artifactKey: Guid(613b4cc8c589ad8458e792ae21891bef) Importer(815301076,1909f56bfc062723c751e8b465ee728b)
Start importing Assets/3D MODELS/BrokenVector/LowPolyTreePack/Prefabs/Tree Type4 04.prefab using Guid(613b4cc8c589ad8458e792ae21891bef) Importer(815301076,1909f56bfc062723c751e8b465ee728b)  -> (artifact id: '521bb85cee8cb237f76ec81925cf7cdd') in 0.005678 seconds
  Import took 0.007201 seconds .

========================================================================
Received Import Request.
  Time since last request: 0.000218 seconds.
  path: Assets/3D MODELS/BrokenVector/LowPolyTreePack/Prefabs/Tree Type3 05.prefab
  artifactKey: Guid(87a6cef862ce2cb4a88c5ca5d5af5d2b) Importer(815301076,1909f56bfc062723c751e8b465ee728b)
Start importing Assets/3D MODELS/BrokenVector/LowPolyTreePack/Prefabs/Tree Type3 05.prefab using Guid(87a6cef862ce2cb4a88c5ca5d5af5d2b) Importer(815301076,1909f56bfc062723c751e8b465ee728b)  -> (artifact id: '41add22c6e17d454ed37827642f37fbc') in 0.005530 seconds
  Import took 0.007283 seconds .

========================================================================
Received Import Request.
  Time since last request: 0.000274 seconds.
  path: Assets/3D MODELS/BrokenVector/LowPolyTreePack/Prefabs/Tree Type6 01.prefab
  artifactKey: Guid(ec7286e0017272441a3dec9205cb8daf) Importer(815301076,1909f56bfc062723c751e8b465ee728b)
Start importing Assets/3D MODELS/BrokenVector/LowPolyTreePack/Prefabs/Tree Type6 01.prefab using Guid(ec7286e0017272441a3dec9205cb8daf) Importer(815301076,1909f56bfc062723c751e8b465ee728b)  -> (artifact id: '2660242e4c9bc844191f85e721ad7933') in 0.005766 seconds
  Import took 0.007488 seconds .

========================================================================
Received Import Request.
  Time since last request: 0.000191 seconds.
  path: Assets/3D MODELS/BrokenVector/LowPolyTreePack/Prefabs/Tree Type6 03.prefab
  artifactKey: Guid(98653de49a7044442972e6997c40db16) Importer(815301076,1909f56bfc062723c751e8b465ee728b)
Start importing Assets/3D MODELS/BrokenVector/LowPolyTreePack/Prefabs/Tree Type6 03.prefab using Guid(98653de49a7044442972e6997c40db16) Importer(815301076,1909f56bfc062723c751e8b465ee728b)  -> (artifact id: '9874b75469fe6dcbbfe1338f92b6bc25') in 0.005947 seconds
  Import took 0.007493 seconds .

========================================================================
Received Import Request.
  Time since last request: 0.000195 seconds.
  path: Assets/3D MODELS/BrokenVector/LowPolyTreePack/Prefabs/Tree Type7 01.prefab
  artifactKey: Guid(3fd9507fb16d56044bcf520c1d14427c) Importer(815301076,1909f56bfc062723c751e8b465ee728b)
Start importing Assets/3D MODELS/BrokenVector/LowPolyTreePack/Prefabs/Tree Type7 01.prefab using Guid(3fd9507fb16d56044bcf520c1d14427c) Importer(815301076,1909f56bfc062723c751e8b465ee728b)  -> (artifact id: '2b73ebe2fc186f79425a0374e59d89b9') in 0.006189 seconds
  Import took 0.007912 seconds .

========================================================================
Received Import Request.
  Time since last request: 0.000262 seconds.
  path: Assets/3D MODELS/BrokenVector/LowPolyTreePack/Prefabs/Tree Type7 03.prefab
  artifactKey: Guid(2327ed4809c34cf4c97a5316db3d4796) Importer(815301076,1909f56bfc062723c751e8b465ee728b)
Start importing Assets/3D MODELS/BrokenVector/LowPolyTreePack/Prefabs/Tree Type7 03.prefab using Guid(2327ed4809c34cf4c97a5316db3d4796) Importer(815301076,1909f56bfc062723c751e8b465ee728b)  -> (artifact id: '86c3e4af7ba5062e08cc24f10baf5864') in 0.006080 seconds
  Import took 0.008002 seconds .

========================================================================
Received Import Request.
  Time since last request: 0.000216 seconds.
  path: Assets/3D MODELS/BrokenVector/LowPolyTreePack/Prefabs/Tree Type2 04.prefab
  artifactKey: Guid(99a48108c5a1932488c06e519f6097f4) Importer(815301076,1909f56bfc062723c751e8b465ee728b)
Start importing Assets/3D MODELS/BrokenVector/LowPolyTreePack/Prefabs/Tree Type2 04.prefab using Guid(99a48108c5a1932488c06e519f6097f4) Importer(815301076,1909f56bfc062723c751e8b465ee728b)  -> (artifact id: '833439fc12e191f4b60b2c7ee7ada256') in 0.005935 seconds
  Import took 0.007751 seconds .

========================================================================
Received Import Request.
  Time since last request: 0.000316 seconds.
  path: Assets/3D MODELS/BrokenVector/LowPolyTreePack/Prefabs/Tree Type3 03.prefab
  artifactKey: Guid(a1d34f7914a1d8148a0ce7262f7ba394) Importer(815301076,1909f56bfc062723c751e8b465ee728b)
Start importing Assets/3D MODELS/BrokenVector/LowPolyTreePack/Prefabs/Tree Type3 03.prefab using Guid(a1d34f7914a1d8148a0ce7262f7ba394) Importer(815301076,1909f56bfc062723c751e8b465ee728b)  -> (artifact id: '65ec94eee07458da2c19b0d482148452') in 0.006087 seconds
  Import took 0.007856 seconds .

========================================================================
Received Import Request.
  Time since last request: 0.000251 seconds.
  path: Assets/3D MODELS/BrokenVector/LowPolyTreePack/Prefabs/Tree Type5 02.prefab
  artifactKey: Guid(446fc4730aadcd04985c8dafaaf0c501) Importer(815301076,1909f56bfc062723c751e8b465ee728b)
Start importing Assets/3D MODELS/BrokenVector/LowPolyTreePack/Prefabs/Tree Type5 02.prefab using Guid(446fc4730aadcd04985c8dafaaf0c501) Importer(815301076,1909f56bfc062723c751e8b465ee728b)  -> (artifact id: '6779d928aeb7f19857312087d05a90e6') in 0.006104 seconds
  Import took 0.008305 seconds .

========================================================================
Received Import Request.
  Time since last request: 0.000287 seconds.
  path: Assets/3D MODELS/BrokenVector/LowPolyTreePack/Prefabs/Tree Type0 04.prefab
  artifactKey: Guid(8a7cf5ac7b4145441a3dca86f869b09e) Importer(815301076,1909f56bfc062723c751e8b465ee728b)
Start importing Assets/3D MODELS/BrokenVector/LowPolyTreePack/Prefabs/Tree Type0 04.prefab using Guid(8a7cf5ac7b4145441a3dca86f869b09e) Importer(815301076,1909f56bfc062723c751e8b465ee728b)  -> (artifact id: 'cd3dbe7c266a42c7118730ebd2b4dbaf') in 0.006427 seconds
  Import took 0.008373 seconds .

========================================================================
Received Import Request.
  Time since last request: 0.000236 seconds.
  path: Assets/3D MODELS/BrokenVector/LowPolyTreePack/Prefabs/Tree Type1 03.prefab
  artifactKey: Guid(55ca4401075700d46a23ae8179a79579) Importer(815301076,1909f56bfc062723c751e8b465ee728b)
Start importing Assets/3D MODELS/BrokenVector/LowPolyTreePack/Prefabs/Tree Type1 03.prefab using Guid(55ca4401075700d46a23ae8179a79579) Importer(815301076,1909f56bfc062723c751e8b465ee728b)  -> (artifact id: '5a5d2d40a80741eab0ec43499d5388a0') in 0.006149 seconds
  Import took 0.007995 seconds .

========================================================================
Received Import Request.
  Time since last request: 0.000247 seconds.
  path: Assets/3D MODELS/BrokenVector/LowPolyTreePack/Prefabs/Tree Type2 01.prefab
  artifactKey: Guid(78c29697749a6d44e964f9a0cf83d77a) Importer(815301076,1909f56bfc062723c751e8b465ee728b)
Start importing Assets/3D MODELS/BrokenVector/LowPolyTreePack/Prefabs/Tree Type2 01.prefab using Guid(78c29697749a6d44e964f9a0cf83d77a) Importer(815301076,1909f56bfc062723c751e8b465ee728b)  -> (artifact id: 'f1d4260cb36022b125188becbf592796') in 0.005947 seconds
  Import took 0.007798 seconds .

========================================================================
Received Import Request.
  Time since last request: 0.000223 seconds.
  path: Assets/3D MODELS/BrokenVector/LowPolyTreePack/Prefabs/Tree Type3 04.prefab
  artifactKey: Guid(7c5aafe3fe2c6ef4a9150f7f44653760) Importer(815301076,1909f56bfc062723c751e8b465ee728b)
Start importing Assets/3D MODELS/BrokenVector/LowPolyTreePack/Prefabs/Tree Type3 04.prefab using Guid(7c5aafe3fe2c6ef4a9150f7f44653760) Importer(815301076,1909f56bfc062723c751e8b465ee728b)  -> (artifact id: 'b2d451555f2c91a96147439f743a885c') in 0.006611 seconds
  Import took 0.008583 seconds .

========================================================================
Received Import Request.
  Time since last request: 0.000248 seconds.
  path: Assets/3D MODELS/BrokenVector/LowPolyTreePack/Prefabs/Tree Type7 02.prefab
  artifactKey: Guid(107cc8771223daf48be99527559937ff) Importer(815301076,1909f56bfc062723c751e8b465ee728b)
Start importing Assets/3D MODELS/BrokenVector/LowPolyTreePack/Prefabs/Tree Type7 02.prefab using Guid(107cc8771223daf48be99527559937ff) Importer(815301076,1909f56bfc062723c751e8b465ee728b)  -> (artifact id: 'd7fe5a8a04bcb069f8231331ab803fb5') in 0.005848 seconds
  Import took 0.007582 seconds .

========================================================================
Received Import Request.
  Time since last request: 0.000247 seconds.
  path: Assets/3D MODELS/BrokenVector/LowPolyTreePack/Prefabs/Tree Type7 04.prefab
  artifactKey: Guid(3c74caa0496b18d4ba0a1009ebb4c992) Importer(815301076,1909f56bfc062723c751e8b465ee728b)
Start importing Assets/3D MODELS/BrokenVector/LowPolyTreePack/Prefabs/Tree Type7 04.prefab using Guid(3c74caa0496b18d4ba0a1009ebb4c992) Importer(815301076,1909f56bfc062723c751e8b465ee728b)  -> (artifact id: '0985ac70bace5b70ca607314e92c5174') in 0.006341 seconds
  Import took 0.008330 seconds .

========================================================================
Received Import Request.
  Time since last request: 0.000264 seconds.
  path: Assets/3D MODELS/BrokenVector/LowPolyTreePack/Prefabs/Tree Type0 02.prefab
  artifactKey: Guid(5c3cbac9d5eae3844a928d36e6dbd1a6) Importer(815301076,1909f56bfc062723c751e8b465ee728b)
Start importing Assets/3D MODELS/BrokenVector/LowPolyTreePack/Prefabs/Tree Type0 02.prefab using Guid(5c3cbac9d5eae3844a928d36e6dbd1a6) Importer(815301076,1909f56bfc062723c751e8b465ee728b)  -> (artifact id: 'c9fba2e837804bf1922900a1bd5b28a1') in 0.005720 seconds
  Import took 0.007461 seconds .

========================================================================
Received Import Request.
  Time since last request: 0.000200 seconds.
  path: Assets/3D MODELS/BrokenVector/LowPolyTreePack/Prefabs/Tree Type3 02.prefab
  artifactKey: Guid(7641c7e8354e2c44cab6432d9d2c6d1b) Importer(815301076,1909f56bfc062723c751e8b465ee728b)
Start importing Assets/3D MODELS/BrokenVector/LowPolyTreePack/Prefabs/Tree Type3 02.prefab using Guid(7641c7e8354e2c44cab6432d9d2c6d1b) Importer(815301076,1909f56bfc062723c751e8b465ee728b)  -> (artifact id: 'aa39013aca38cd8581f01db508c5cb91') in 0.006130 seconds
  Import took 0.007929 seconds .

========================================================================
Received Import Request.
  Time since last request: 0.000245 seconds.
  path: Assets/3D MODELS/BrokenVector/LowPolyTreePack/Prefabs/Tree Type1 04.prefab
  artifactKey: Guid(8ed1fa325ca228645ad26dd6eff14768) Importer(815301076,1909f56bfc062723c751e8b465ee728b)
Start importing Assets/3D MODELS/BrokenVector/LowPolyTreePack/Prefabs/Tree Type1 04.prefab using Guid(8ed1fa325ca228645ad26dd6eff14768) Importer(815301076,1909f56bfc062723c751e8b465ee728b)  -> (artifact id: '7f58bc6189ca9ef0894a5220d2899bc6') in 0.006030 seconds
  Import took 0.007882 seconds .

========================================================================
Received Import Request.
  Time since last request: 0.000245 seconds.
  path: Assets/3D MODELS/BrokenVector/LowPolyTreePack/Prefabs/Tree Type5 01.prefab
  artifactKey: Guid(11d469914a0208343b39f04223416f9c) Importer(815301076,1909f56bfc062723c751e8b465ee728b)
Start importing Assets/3D MODELS/BrokenVector/LowPolyTreePack/Prefabs/Tree Type5 01.prefab using Guid(11d469914a0208343b39f04223416f9c) Importer(815301076,1909f56bfc062723c751e8b465ee728b)  -> (artifact id: 'e76c711165ec3afcac435b96c5eaf287') in 0.005369 seconds
  Import took 0.007363 seconds .

========================================================================
Received Import Request.
  Time since last request: 0.000299 seconds.
  path: Assets/3D MODELS/BrokenVector/LowPolyTreePack/Prefabs/Tree Type1 05.prefab
  artifactKey: Guid(76be61eeff2e7164cb99e1cf8cf0c22b) Importer(815301076,1909f56bfc062723c751e8b465ee728b)
Start importing Assets/3D MODELS/BrokenVector/LowPolyTreePack/Prefabs/Tree Type1 05.prefab using Guid(76be61eeff2e7164cb99e1cf8cf0c22b) Importer(815301076,1909f56bfc062723c751e8b465ee728b)  -> (artifact id: '2ac8cc5e87321cdf0b5a8a6b46cd6926') in 0.006543 seconds
  Import took 0.008366 seconds .

========================================================================
Received Import Request.
  Time since last request: 0.000212 seconds.
  path: Assets/3D MODELS/BrokenVector/LowPolyTreePack/Prefabs/Tree Type5 04.prefab
  artifactKey: Guid(1e4e7284c1efd5f4eb702c799353072c) Importer(815301076,1909f56bfc062723c751e8b465ee728b)
Start importing Assets/3D MODELS/BrokenVector/LowPolyTreePack/Prefabs/Tree Type5 04.prefab using Guid(1e4e7284c1efd5f4eb702c799353072c) Importer(815301076,1909f56bfc062723c751e8b465ee728b)  -> (artifact id: '586bcd248c46a070214ff5cd6b557941') in 0.005599 seconds
  Import took 0.007501 seconds .

========================================================================
Received Import Request.
  Time since last request: 0.000248 seconds.
  path: Assets/3D MODELS/BrokenVector/LowPolyTreePack/Prefabs/Tree Type1 01.prefab
  artifactKey: Guid(fc05c8bfad7df5a4abe568aca7403b9e) Importer(815301076,1909f56bfc062723c751e8b465ee728b)
Start importing Assets/3D MODELS/BrokenVector/LowPolyTreePack/Prefabs/Tree Type1 01.prefab using Guid(fc05c8bfad7df5a4abe568aca7403b9e) Importer(815301076,1909f56bfc062723c751e8b465ee728b)  -> (artifact id: '8db7a62bcb5b9528c6b910aa1c8b4c96') in 0.006042 seconds
  Import took 0.007542 seconds .

========================================================================
Received Import Request.
  Time since last request: 0.000269 seconds.
  path: Assets/3D MODELS/BrokenVector/LowPolyTreePack/Prefabs/Tree Type4 05.prefab
  artifactKey: Guid(aec50823ac9be1b45b5778c3b6c0f51a) Importer(815301076,1909f56bfc062723c751e8b465ee728b)
Start importing Assets/3D MODELS/BrokenVector/LowPolyTreePack/Prefabs/Tree Type4 05.prefab using Guid(aec50823ac9be1b45b5778c3b6c0f51a) Importer(815301076,1909f56bfc062723c751e8b465ee728b)  -> (artifact id: '1245c352bfd16af18e7e5e4a186dd497') in 0.005675 seconds
  Import took 0.007220 seconds .

========================================================================
Received Import Request.
  Time since last request: 0.000216 seconds.
  path: Assets/3D MODELS/BrokenVector/LowPolyTreePack/Prefabs/Tree Type4 02.prefab
  artifactKey: Guid(38ade0ba7c293f14a9b1b610879e9390) Importer(815301076,1909f56bfc062723c751e8b465ee728b)
Start importing Assets/3D MODELS/BrokenVector/LowPolyTreePack/Prefabs/Tree Type4 02.prefab using Guid(38ade0ba7c293f14a9b1b610879e9390) Importer(815301076,1909f56bfc062723c751e8b465ee728b)  -> (artifact id: '1a8f3c29da3b2c6cc716587d2104ef64') in 0.005609 seconds
  Import took 0.007201 seconds .

========================================================================
Received Import Request.
  Time since last request: 0.000178 seconds.
  path: Assets/3D MODELS/BrokenVector/LowPolyTreePack/Prefabs/Tree Type4 03.prefab
  artifactKey: Guid(b1b1573cfe717c04caad3e631288f7e9) Importer(815301076,1909f56bfc062723c751e8b465ee728b)
Start importing Assets/3D MODELS/BrokenVector/LowPolyTreePack/Prefabs/Tree Type4 03.prefab using Guid(b1b1573cfe717c04caad3e631288f7e9) Importer(815301076,1909f56bfc062723c751e8b465ee728b)  -> (artifact id: 'd49a09fb56f680813432b8018399691d') in 0.005202 seconds
  Import took 0.006790 seconds .

========================================================================
Received Import Request.
  Time since last request: 0.000177 seconds.
  path: Assets/3D MODELS/BrokenVector/LowPolyTreePack/Prefabs/Tree Type4 01.prefab
  artifactKey: Guid(fb8ae0828a555f74996970b8d0495f15) Importer(815301076,1909f56bfc062723c751e8b465ee728b)
Start importing Assets/3D MODELS/BrokenVector/LowPolyTreePack/Prefabs/Tree Type4 01.prefab using Guid(fb8ae0828a555f74996970b8d0495f15) Importer(815301076,1909f56bfc062723c751e8b465ee728b)  -> (artifact id: '456e2e5bfd041bc1707e70dd0296c308') in 0.007724 seconds
  Import took 0.009320 seconds .

========================================================================
Received Import Request.
  Time since last request: 0.000233 seconds.
  path: Assets/3D MODELS/BrokenVector/LowPolyTreePack/Prefabs/Tree Type2 02.prefab
  artifactKey: Guid(5037d6ea184d2f640bf78dcf9894a269) Importer(815301076,1909f56bfc062723c751e8b465ee728b)
Start importing Assets/3D MODELS/BrokenVector/LowPolyTreePack/Prefabs/Tree Type2 02.prefab using Guid(5037d6ea184d2f640bf78dcf9894a269) Importer(815301076,1909f56bfc062723c751e8b465ee728b)  -> (artifact id: 'fb1175ccff47dbf6fef6163e070b195c') in 0.005677 seconds
  Import took 0.007447 seconds .

========================================================================
Received Import Request.
  Time since last request: 0.000196 seconds.
  path: Assets/3D MODELS/BrokenVector/LowPolyTreePack/Prefabs/Tree Type1 02.prefab
  artifactKey: Guid(702740a5e4ac1ee40a1888d3b62faa91) Importer(815301076,1909f56bfc062723c751e8b465ee728b)
Start importing Assets/3D MODELS/BrokenVector/LowPolyTreePack/Prefabs/Tree Type1 02.prefab using Guid(702740a5e4ac1ee40a1888d3b62faa91) Importer(815301076,1909f56bfc062723c751e8b465ee728b)  -> (artifact id: '61c395853973910e87793c627bdbbc7e') in 0.005617 seconds
  Import took 0.007226 seconds .

========================================================================
Received Import Request.
  Time since last request: 0.000259 seconds.
  path: Assets/3D MODELS/BrokenVector/LowPolyTreePack/Prefabs/Tree Type3 01.prefab
  artifactKey: Guid(62724a8cd2495b14f930b7129c3bc47b) Importer(815301076,1909f56bfc062723c751e8b465ee728b)
Start importing Assets/3D MODELS/BrokenVector/LowPolyTreePack/Prefabs/Tree Type3 01.prefab using Guid(62724a8cd2495b14f930b7129c3bc47b) Importer(815301076,1909f56bfc062723c751e8b465ee728b)  -> (artifact id: '763b9f6576aee3414f772ec2b5d899c9') in 0.005762 seconds
  Import took 0.007536 seconds .

========================================================================
Received Import Request.
  Time since last request: 712.085311 seconds.
  path: Assets/3D MODELS/BrokenVector/LowPolyTreePack/Models
  artifactKey: Guid(988f3dbd4cdadd84a8e393bdf70d8bf2) Importer(815301076,1909f56bfc062723c751e8b465ee728b)
Start importing Assets/3D MODELS/BrokenVector/LowPolyTreePack/Models using Guid(988f3dbd4cdadd84a8e393bdf70d8bf2) Importer(815301076,1909f56bfc062723c751e8b465ee728b)  -> (artifact id: '5a9ccc2cfa4845f8536dc3edb43fb14b') in 0.001350 seconds
  Import took 0.003068 seconds .

========================================================================
Received Import Request.
  Time since last request: 0.051151 seconds.
  path: Assets/3D MODELS/BrokenVector/LowPolyTreePack/Models/Tree Type0 01.dae
  artifactKey: Guid(d2821924b86cff5439f12b0289585dbf) Importer(815301076,1909f56bfc062723c751e8b465ee728b)
Start importing Assets/3D MODELS/BrokenVector/LowPolyTreePack/Models/Tree Type0 01.dae using Guid(d2821924b86cff5439f12b0289585dbf) Importer(815301076,1909f56bfc062723c751e8b465ee728b)  -> (artifact id: '3bf4fe2964d5f4e0b2322a985c717b7d') in 0.127224 seconds
  Import took 0.129063 seconds .

========================================================================
Received Import Request.
  Time since last request: 0.000210 seconds.
  path: Assets/3D MODELS/BrokenVector/LowPolyTreePack/Models/Tree Type4 05.dae
  artifactKey: Guid(05f4a294fb6ca7e4c87b33948d1ebec3) Importer(815301076,1909f56bfc062723c751e8b465ee728b)
Start importing Assets/3D MODELS/BrokenVector/LowPolyTreePack/Models/Tree Type4 05.dae using Guid(05f4a294fb6ca7e4c87b33948d1ebec3) Importer(815301076,1909f56bfc062723c751e8b465ee728b)  -> (artifact id: 'd67e542eb18263a25d4dc1281d412988') in 0.008179 seconds
  Import took 0.009661 seconds .

========================================================================
Received Import Request.
  Time since last request: 0.000241 seconds.
  path: Assets/3D MODELS/BrokenVector/LowPolyTreePack/Models/Tree Type0 02.dae
  artifactKey: Guid(6b63ca9c7bc00f24b81b6cb48095b9a9) Importer(815301076,1909f56bfc062723c751e8b465ee728b)
Start importing Assets/3D MODELS/BrokenVector/LowPolyTreePack/Models/Tree Type0 02.dae using Guid(6b63ca9c7bc00f24b81b6cb48095b9a9) Importer(815301076,1909f56bfc062723c751e8b465ee728b)  -> (artifact id: '71d19c52d865ff0d4671084f11e9b57c') in 0.009167 seconds
  Import took 0.010951 seconds .

========================================================================
Received Import Request.
  Time since last request: 0.000251 seconds.
  path: Assets/3D MODELS/BrokenVector/LowPolyTreePack/Models/Tree Type3 02.dae
  artifactKey: Guid(68218c07874adef4fbe8100958fd9117) Importer(815301076,1909f56bfc062723c751e8b465ee728b)
Start importing Assets/3D MODELS/BrokenVector/LowPolyTreePack/Models/Tree Type3 02.dae using Guid(68218c07874adef4fbe8100958fd9117) Importer(815301076,1909f56bfc062723c751e8b465ee728b)  -> (artifact id: 'e60b4423433ef9eb9528e27ac80fad52') in 0.008885 seconds
  Import took 0.010688 seconds .

========================================================================
Received Import Request.
  Time since last request: 0.000222 seconds.
  path: Assets/3D MODELS/BrokenVector/LowPolyTreePack/Models/Tree Type1 05.dae
  artifactKey: Guid(f6c597498257ae843adeb6a76dd3013e) Importer(815301076,1909f56bfc062723c751e8b465ee728b)
Start importing Assets/3D MODELS/BrokenVector/LowPolyTreePack/Models/Tree Type1 05.dae using Guid(f6c597498257ae843adeb6a76dd3013e) Importer(815301076,1909f56bfc062723c751e8b465ee728b)  -> (artifact id: 'c7e4cd1c56bfa001c7c6c8f12da0497c') in 0.007583 seconds
  Import took 0.009131 seconds .

========================================================================
Received Import Request.
  Time since last request: 0.000222 seconds.
  path: Assets/3D MODELS/BrokenVector/LowPolyTreePack/Models/Tree Type7 02.dae
  artifactKey: Guid(819c10f136958e549bf2eb4702b8f111) Importer(815301076,1909f56bfc062723c751e8b465ee728b)
Start importing Assets/3D MODELS/BrokenVector/LowPolyTreePack/Models/Tree Type7 02.dae using Guid(819c10f136958e549bf2eb4702b8f111) Importer(815301076,1909f56bfc062723c751e8b465ee728b)  -> (artifact id: 'afca8d06850c5906867d034d18448f24') in 0.007326 seconds
  Import took 0.008939 seconds .

========================================================================
Received Import Request.
  Time since last request: 0.000247 seconds.
  path: Assets/3D MODELS/BrokenVector/LowPolyTreePack/Models/Tree Type5 02.dae
  artifactKey: Guid(eec2a0a67f1c8b243a386ec359eda522) Importer(815301076,1909f56bfc062723c751e8b465ee728b)
Start importing Assets/3D MODELS/BrokenVector/LowPolyTreePack/Models/Tree Type5 02.dae using Guid(eec2a0a67f1c8b243a386ec359eda522) Importer(815301076,1909f56bfc062723c751e8b465ee728b)  -> (artifact id: 'fcf3d33bfd22cc7e9542fb69eda2be2e') in 0.008582 seconds
  Import took 0.010393 seconds .

========================================================================
Received Import Request.
  Time since last request: 0.000232 seconds.
  path: Assets/3D MODELS/BrokenVector/LowPolyTreePack/Models/Tree Type2 01.dae
  artifactKey: Guid(b3d80aad1767322488af8777deb5fd54) Importer(815301076,1909f56bfc062723c751e8b465ee728b)
Start importing Assets/3D MODELS/BrokenVector/LowPolyTreePack/Models/Tree Type2 01.dae using Guid(b3d80aad1767322488af8777deb5fd54) Importer(815301076,1909f56bfc062723c751e8b465ee728b)  -> (artifact id: '48e74ca1cb992b4225d57d86c8bdada5') in 0.007860 seconds
  Import took 0.009639 seconds .

========================================================================
Received Import Request.
  Time since last request: 0.000213 seconds.
  path: Assets/3D MODELS/BrokenVector/LowPolyTreePack/Models/Tree Type2 05.dae
  artifactKey: Guid(08370ae33fad3da4a8357631f8a9f5ae) Importer(815301076,1909f56bfc062723c751e8b465ee728b)
Start importing Assets/3D MODELS/BrokenVector/LowPolyTreePack/Models/Tree Type2 05.dae using Guid(08370ae33fad3da4a8357631f8a9f5ae) Importer(815301076,1909f56bfc062723c751e8b465ee728b)  -> (artifact id: 'bc9cde5a5b1ffd55636b3f7ddf118436') in 0.008585 seconds
  Import took 0.010390 seconds .

========================================================================
Received Import Request.
  Time since last request: 0.000222 seconds.
  path: Assets/3D MODELS/BrokenVector/LowPolyTreePack/Models/Tree Type1 02.dae
  artifactKey: Guid(e063977d54ec61849aacc1b8e9eafc6f) Importer(815301076,1909f56bfc062723c751e8b465ee728b)
Start importing Assets/3D MODELS/BrokenVector/LowPolyTreePack/Models/Tree Type1 02.dae using Guid(e063977d54ec61849aacc1b8e9eafc6f) Importer(815301076,1909f56bfc062723c751e8b465ee728b)  -> (artifact id: 'd7ca78684586942e580ce7abf8d0ba13') in 0.007628 seconds
  Import took 0.009266 seconds .

========================================================================
Received Import Request.
  Time since last request: 0.000237 seconds.
  path: Assets/3D MODELS/BrokenVector/LowPolyTreePack/Models/Tree Type4 04.dae
  artifactKey: Guid(361dbd13abe581240910f764f838d930) Importer(815301076,1909f56bfc062723c751e8b465ee728b)
Start importing Assets/3D MODELS/BrokenVector/LowPolyTreePack/Models/Tree Type4 04.dae using Guid(361dbd13abe581240910f764f838d930) Importer(815301076,1909f56bfc062723c751e8b465ee728b)  -> (artifact id: 'cfdc21f4c0324e2eab6dd3b94bed53e7') in 0.008094 seconds
  Import took 0.009653 seconds .

========================================================================
Received Import Request.
  Time since last request: 0.000350 seconds.
  path: Assets/3D MODELS/BrokenVector/LowPolyTreePack/Models/Tree Type5 03.dae
  artifactKey: Guid(1e97612a294865943926d93961f9c229) Importer(815301076,1909f56bfc062723c751e8b465ee728b)
Start importing Assets/3D MODELS/BrokenVector/LowPolyTreePack/Models/Tree Type5 03.dae using Guid(1e97612a294865943926d93961f9c229) Importer(815301076,1909f56bfc062723c751e8b465ee728b)  -> (artifact id: '0859ee1abb37d22a0bc9da382306b1d4') in 0.008592 seconds
  Import took 0.010407 seconds .

========================================================================
Received Import Request.
  Time since last request: 0.000254 seconds.
  path: Assets/3D MODELS/BrokenVector/LowPolyTreePack/Models/Tree Type6 03.dae
  artifactKey: Guid(f6e7f2100b2c5544d94468d977d66b29) Importer(815301076,1909f56bfc062723c751e8b465ee728b)
Start importing Assets/3D MODELS/BrokenVector/LowPolyTreePack/Models/Tree Type6 03.dae using Guid(f6e7f2100b2c5544d94468d977d66b29) Importer(815301076,1909f56bfc062723c751e8b465ee728b)  -> (artifact id: 'c40a4bccc09e1c7442d0e1d7d2c3f6af') in 0.008691 seconds
  Import took 0.010637 seconds .

========================================================================
Received Import Request.
  Time since last request: 0.000211 seconds.
  path: Assets/3D MODELS/BrokenVector/LowPolyTreePack/Models/Tree Type5 01.dae
  artifactKey: Guid(dfc73e1f73ca4d64da934fb2dcb38e9d) Importer(815301076,1909f56bfc062723c751e8b465ee728b)
Start importing Assets/3D MODELS/BrokenVector/LowPolyTreePack/Models/Tree Type5 01.dae using Guid(dfc73e1f73ca4d64da934fb2dcb38e9d) Importer(815301076,1909f56bfc062723c751e8b465ee728b)  -> (artifact id: '17464c5b90e5ace14ec677024d4cfb9b') in 0.007841 seconds
  Import took 0.009442 seconds .

========================================================================
Received Import Request.
  Time since last request: 0.000218 seconds.
  path: Assets/3D MODELS/BrokenVector/LowPolyTreePack/Models/Tree Type5 04.dae
  artifactKey: Guid(2ab8bbefc4a0d4948b52fdcbd7c3489b) Importer(815301076,1909f56bfc062723c751e8b465ee728b)
Start importing Assets/3D MODELS/BrokenVector/LowPolyTreePack/Models/Tree Type5 04.dae using Guid(2ab8bbefc4a0d4948b52fdcbd7c3489b) Importer(815301076,1909f56bfc062723c751e8b465ee728b)  -> (artifact id: '196bc637082ac21f36d8ee9011349ce8') in 0.007861 seconds
  Import took 0.009802 seconds .

========================================================================
Received Import Request.
  Time since last request: 0.000231 seconds.
  path: Assets/3D MODELS/BrokenVector/LowPolyTreePack/Models/Tree Type7 03.dae
  artifactKey: Guid(32b2d01a42b6ac84d9e11d5f05c569e1) Importer(815301076,1909f56bfc062723c751e8b465ee728b)
Start importing Assets/3D MODELS/BrokenVector/LowPolyTreePack/Models/Tree Type7 03.dae using Guid(32b2d01a42b6ac84d9e11d5f05c569e1) Importer(815301076,1909f56bfc062723c751e8b465ee728b)  -> (artifact id: 'a8f000eac92d22a61a3e7770ddc3d019') in 0.007463 seconds
  Import took 0.009347 seconds .

========================================================================
Received Import Request.
  Time since last request: 0.000201 seconds.
  path: Assets/3D MODELS/BrokenVector/LowPolyTreePack/Models/Tree Type6 02.dae
  artifactKey: Guid(a502c85dd672f8d428b76fd14220881f) Importer(815301076,1909f56bfc062723c751e8b465ee728b)
Start importing Assets/3D MODELS/BrokenVector/LowPolyTreePack/Models/Tree Type6 02.dae using Guid(a502c85dd672f8d428b76fd14220881f) Importer(815301076,1909f56bfc062723c751e8b465ee728b)  -> (artifact id: '9ff41cd8aa28f128be2ea90bc3c644b4') in 0.008238 seconds
  Import took 0.010102 seconds .

========================================================================
Received Import Request.
  Time since last request: 0.000180 seconds.
  path: Assets/3D MODELS/BrokenVector/LowPolyTreePack/Models/Tree Type0 06.dae
  artifactKey: Guid(58e56545a2d219944b78729eaa444a51) Importer(815301076,1909f56bfc062723c751e8b465ee728b)
Start importing Assets/3D MODELS/BrokenVector/LowPolyTreePack/Models/Tree Type0 06.dae using Guid(58e56545a2d219944b78729eaa444a51) Importer(815301076,1909f56bfc062723c751e8b465ee728b)  -> (artifact id: 'ea269ad98002db4d82dc589b56858094') in 0.007865 seconds
  Import took 0.009591 seconds .

========================================================================
Received Import Request.
  Time since last request: 0.000192 seconds.
  path: Assets/3D MODELS/BrokenVector/LowPolyTreePack/Models/Tree Type3 01.dae
  artifactKey: Guid(5166d739d26f73246a2623515169479e) Importer(815301076,1909f56bfc062723c751e8b465ee728b)
Start importing Assets/3D MODELS/BrokenVector/LowPolyTreePack/Models/Tree Type3 01.dae using Guid(5166d739d26f73246a2623515169479e) Importer(815301076,1909f56bfc062723c751e8b465ee728b)  -> (artifact id: 'c456bb65cbf864629588ddfd1bfd31cf') in 0.008171 seconds
  Import took 0.009718 seconds .

========================================================================
Received Import Request.
  Time since last request: 0.000212 seconds.
  path: Assets/3D MODELS/BrokenVector/LowPolyTreePack/Models/Tree Type1 04.dae
  artifactKey: Guid(0ddb82da3485fac4dbfe187acb70a610) Importer(815301076,1909f56bfc062723c751e8b465ee728b)
Start importing Assets/3D MODELS/BrokenVector/LowPolyTreePack/Models/Tree Type1 04.dae using Guid(0ddb82da3485fac4dbfe187acb70a610) Importer(815301076,1909f56bfc062723c751e8b465ee728b)  -> (artifact id: '6fc07d316abead82ee27de95ee01de9e') in 0.008689 seconds
  Import took 0.010251 seconds .

========================================================================
Received Import Request.
  Time since last request: 0.000255 seconds.
  path: Assets/3D MODELS/BrokenVector/LowPolyTreePack/Models/Tree Type7 01.dae
  artifactKey: Guid(173d123c3e337ee4c9d101f4c77225f5) Importer(815301076,1909f56bfc062723c751e8b465ee728b)
Start importing Assets/3D MODELS/BrokenVector/LowPolyTreePack/Models/Tree Type7 01.dae using Guid(173d123c3e337ee4c9d101f4c77225f5) Importer(815301076,1909f56bfc062723c751e8b465ee728b)  -> (artifact id: '33cda1f79a0ed4504cc4aa994e60a4d5') in 0.008068 seconds
  Import took 0.010000 seconds .

========================================================================
Received Import Request.
  Time since last request: 0.000250 seconds.
  path: Assets/3D MODELS/BrokenVector/LowPolyTreePack/Models/Tree Type3 05.dae
  artifactKey: Guid(0658909382c77d041b643ae92bd27b82) Importer(815301076,1909f56bfc062723c751e8b465ee728b)
Start importing Assets/3D MODELS/BrokenVector/LowPolyTreePack/Models/Tree Type3 05.dae using Guid(0658909382c77d041b643ae92bd27b82) Importer(815301076,1909f56bfc062723c751e8b465ee728b)  -> (artifact id: '42dbae703b49cf839bea5a92fbb11c5b') in 0.007540 seconds
  Import took 0.009366 seconds .

========================================================================
Received Import Request.
  Time since last request: 0.000189 seconds.
  path: Assets/3D MODELS/BrokenVector/LowPolyTreePack/Models/Tree Type0 04.dae
  artifactKey: Guid(b4f0e46a9f630054c925d3d92d45584e) Importer(815301076,1909f56bfc062723c751e8b465ee728b)
Start importing Assets/3D MODELS/BrokenVector/LowPolyTreePack/Models/Tree Type0 04.dae using Guid(b4f0e46a9f630054c925d3d92d45584e) Importer(815301076,1909f56bfc062723c751e8b465ee728b)  -> (artifact id: 'f65ec2f0c41e7d9ad7e840251c64c1b3') in 0.008078 seconds
  Import took 0.009984 seconds .

========================================================================
Received Import Request.
  Time since last request: 0.000201 seconds.
  path: Assets/3D MODELS/BrokenVector/LowPolyTreePack/Models/Tree Type0 03.dae
  artifactKey: Guid(5648c7aa655120f44aab862e4a038f3c) Importer(815301076,1909f56bfc062723c751e8b465ee728b)
Start importing Assets/3D MODELS/BrokenVector/LowPolyTreePack/Models/Tree Type0 03.dae using Guid(5648c7aa655120f44aab862e4a038f3c) Importer(815301076,1909f56bfc062723c751e8b465ee728b)  -> (artifact id: 'e3bc147e61d4c480ff67056d520f8f99') in 0.010056 seconds
  Import took 0.011712 seconds .

========================================================================
Received Import Request.
  Time since last request: 0.000205 seconds.
  path: Assets/3D MODELS/BrokenVector/LowPolyTreePack/Models/Tree Type3 04.dae
  artifactKey: Guid(f52689dc8ea801b46874ff4a4a6c328a) Importer(815301076,1909f56bfc062723c751e8b465ee728b)
Start importing Assets/3D MODELS/BrokenVector/LowPolyTreePack/Models/Tree Type3 04.dae using Guid(f52689dc8ea801b46874ff4a4a6c328a) Importer(815301076,1909f56bfc062723c751e8b465ee728b)  -> (artifact id: 'f1b5b199970bd131712e9d37be44509f') in 0.008797 seconds
  Import took 0.010430 seconds .

========================================================================
Received Import Request.
  Time since last request: 0.000247 seconds.
  path: Assets/3D MODELS/BrokenVector/LowPolyTreePack/Models/Tree Type4 01.dae
  artifactKey: Guid(9ddce011fb3cf3341b8c252c9b00cb4c) Importer(815301076,1909f56bfc062723c751e8b465ee728b)
Start importing Assets/3D MODELS/BrokenVector/LowPolyTreePack/Models/Tree Type4 01.dae using Guid(9ddce011fb3cf3341b8c252c9b00cb4c) Importer(815301076,1909f56bfc062723c751e8b465ee728b)  -> (artifact id: '171264a779d6ad8e030accd8d07c35e0') in 0.008507 seconds
  Import took 0.010454 seconds .

========================================================================
Received Import Request.
  Time since last request: 0.000249 seconds.
  path: Assets/3D MODELS/BrokenVector/LowPolyTreePack/Models/Tree Type6 01.dae
  artifactKey: Guid(d508de2584ef7734aa500f5c47210151) Importer(815301076,1909f56bfc062723c751e8b465ee728b)
Start importing Assets/3D MODELS/BrokenVector/LowPolyTreePack/Models/Tree Type6 01.dae using Guid(d508de2584ef7734aa500f5c47210151) Importer(815301076,1909f56bfc062723c751e8b465ee728b)  -> (artifact id: '8f73ed343b34e6bac71eabd8c3bd0b5a') in 0.007367 seconds
  Import took 0.009124 seconds .

========================================================================
Received Import Request.
  Time since last request: 0.000209 seconds.
  path: Assets/3D MODELS/BrokenVector/LowPolyTreePack/Models/Tree Type1 03.dae
  artifactKey: Guid(dec71bb4e66221144b5db0af9e0f39d5) Importer(815301076,1909f56bfc062723c751e8b465ee728b)
Start importing Assets/3D MODELS/BrokenVector/LowPolyTreePack/Models/Tree Type1 03.dae using Guid(dec71bb4e66221144b5db0af9e0f39d5) Importer(815301076,1909f56bfc062723c751e8b465ee728b)  -> (artifact id: '684f8ebd679c8947751ef58f7240b8ff') in 0.008141 seconds
  Import took 0.009657 seconds .

========================================================================
Received Import Request.
  Time since last request: 0.000217 seconds.
  path: Assets/3D MODELS/BrokenVector/LowPolyTreePack/Models/Tree Type2 02.dae
  artifactKey: Guid(2ea73da7fe37e7b42bb77b26e97df11f) Importer(815301076,1909f56bfc062723c751e8b465ee728b)
Start importing Assets/3D MODELS/BrokenVector/LowPolyTreePack/Models/Tree Type2 02.dae using Guid(2ea73da7fe37e7b42bb77b26e97df11f) Importer(815301076,1909f56bfc062723c751e8b465ee728b)  -> (artifact id: '6b24114cf511a5568541f0fa60d43643') in 0.007258 seconds
  Import took 0.009024 seconds .

========================================================================
Received Import Request.
  Time since last request: 0.000221 seconds.
  path: Assets/3D MODELS/BrokenVector/LowPolyTreePack/Models/Tree Type0 05.dae
  artifactKey: Guid(c8fd0d31d77530344baa4b459b8e221e) Importer(815301076,1909f56bfc062723c751e8b465ee728b)
Start importing Assets/3D MODELS/BrokenVector/LowPolyTreePack/Models/Tree Type0 05.dae using Guid(c8fd0d31d77530344baa4b459b8e221e) Importer(815301076,1909f56bfc062723c751e8b465ee728b)  -> (artifact id: 'de05f3e6f85ad781aef8308d7e946524') in 0.008450 seconds
  Import took 0.010037 seconds .

========================================================================
Received Import Request.
  Time since last request: 0.000234 seconds.
  path: Assets/3D MODELS/BrokenVector/LowPolyTreePack/Models/Tree Type4 02.dae
  artifactKey: Guid(20daf9d902df0d749bd16ac37a353854) Importer(815301076,1909f56bfc062723c751e8b465ee728b)
Start importing Assets/3D MODELS/BrokenVector/LowPolyTreePack/Models/Tree Type4 02.dae using Guid(20daf9d902df0d749bd16ac37a353854) Importer(815301076,1909f56bfc062723c751e8b465ee728b)  -> (artifact id: '89a172be40a44c20ed3a4b5d96c24757') in 0.007326 seconds
  Import took 0.009184 seconds .

========================================================================
Received Import Request.
  Time since last request: 0.000258 seconds.
  path: Assets/3D MODELS/BrokenVector/LowPolyTreePack/Models/Tree Type3 03.dae
  artifactKey: Guid(35c5b6683953dc54f99f68b4a16819f7) Importer(815301076,1909f56bfc062723c751e8b465ee728b)
Start importing Assets/3D MODELS/BrokenVector/LowPolyTreePack/Models/Tree Type3 03.dae using Guid(35c5b6683953dc54f99f68b4a16819f7) Importer(815301076,1909f56bfc062723c751e8b465ee728b)  -> (artifact id: 'd98dac619ecba227502ec1f7d0b57cb8') in 0.008001 seconds
  Import took 0.009654 seconds .

========================================================================
Received Import Request.
  Time since last request: 0.000243 seconds.
  path: Assets/3D MODELS/BrokenVector/LowPolyTreePack/Models/Tree Type4 03.dae
  artifactKey: Guid(10155e34e1176c3489486fbf0cef1736) Importer(815301076,1909f56bfc062723c751e8b465ee728b)
Start importing Assets/3D MODELS/BrokenVector/LowPolyTreePack/Models/Tree Type4 03.dae using Guid(10155e34e1176c3489486fbf0cef1736) Importer(815301076,1909f56bfc062723c751e8b465ee728b)  -> (artifact id: '74705cade6b83a3818bd9b9eeeff866e') in 0.008191 seconds
  Import took 0.010110 seconds .

========================================================================
Received Import Request.
  Time since last request: 0.000228 seconds.
  path: Assets/3D MODELS/BrokenVector/LowPolyTreePack/Models/Tree Type6 04.dae
  artifactKey: Guid(66f0726e43c72a94aa9dc7aa4b6cbfe0) Importer(815301076,1909f56bfc062723c751e8b465ee728b)
Start importing Assets/3D MODELS/BrokenVector/LowPolyTreePack/Models/Tree Type6 04.dae using Guid(66f0726e43c72a94aa9dc7aa4b6cbfe0) Importer(815301076,1909f56bfc062723c751e8b465ee728b)  -> (artifact id: 'b2976c4fff45e5a2ae331587247137af') in 0.008793 seconds
  Import took 0.010263 seconds .

========================================================================
Received Import Request.
  Time since last request: 0.000237 seconds.
  path: Assets/3D MODELS/BrokenVector/LowPolyTreePack/Models/Tree Type7 04.dae
  artifactKey: Guid(f59e9c62851aaed46bb0599645bdfdc2) Importer(815301076,1909f56bfc062723c751e8b465ee728b)
Start importing Assets/3D MODELS/BrokenVector/LowPolyTreePack/Models/Tree Type7 04.dae using Guid(f59e9c62851aaed46bb0599645bdfdc2) Importer(815301076,1909f56bfc062723c751e8b465ee728b)  -> (artifact id: 'c136c7364ef1900362967f69f30236f3') in 0.008353 seconds
  Import took 0.010240 seconds .

========================================================================
Received Import Request.
  Time since last request: 0.000197 seconds.
  path: Assets/3D MODELS/BrokenVector/LowPolyTreePack/Models/Tree Type1 01.dae
  artifactKey: Guid(cb132eeaea305bc478721cc9b5cb57f8) Importer(815301076,1909f56bfc062723c751e8b465ee728b)
Start importing Assets/3D MODELS/BrokenVector/LowPolyTreePack/Models/Tree Type1 01.dae using Guid(cb132eeaea305bc478721cc9b5cb57f8) Importer(815301076,1909f56bfc062723c751e8b465ee728b)  -> (artifact id: 'd429a49dbfadc6477b0f6bece0920a56') in 0.007549 seconds
  Import took 0.009207 seconds .

========================================================================
Received Import Request.
  Time since last request: 0.000266 seconds.
  path: Assets/3D MODELS/BrokenVector/LowPolyTreePack/Models/Tree Type2 04.dae
  artifactKey: Guid(49a13064a6f46f1438de87926fc5fc42) Importer(815301076,1909f56bfc062723c751e8b465ee728b)
Start importing Assets/3D MODELS/BrokenVector/LowPolyTreePack/Models/Tree Type2 04.dae using Guid(49a13064a6f46f1438de87926fc5fc42) Importer(815301076,1909f56bfc062723c751e8b465ee728b)  -> (artifact id: '4622a4e5afa659f77b9a774d2dc37c46') in 0.008103 seconds
  Import took 0.009785 seconds .

========================================================================
Received Import Request.
  Time since last request: 0.000240 seconds.
  path: Assets/3D MODELS/BrokenVector/LowPolyTreePack/Models/Tree Type2 03.dae
  artifactKey: Guid(770b1e3321cb97344b7b5f9ccc2bfe56) Importer(815301076,1909f56bfc062723c751e8b465ee728b)
Start importing Assets/3D MODELS/BrokenVector/LowPolyTreePack/Models/Tree Type2 03.dae using Guid(770b1e3321cb97344b7b5f9ccc2bfe56) Importer(815301076,1909f56bfc062723c751e8b465ee728b)  -> (artifact id: '06eb8d34eaa1ddf8f3f1c3e1576da99e') in 0.008016 seconds
  Import took 0.009868 seconds .

========================================================================
Received Import Request.
  Time since last request: 0.002882 seconds.
  path: Assets/3D MODELS/BrokenVector/LowPolyTreePack/Models/Tree Type2 04.dae
  artifactKey: Guid(49a13064a6f46f1438de87926fc5fc42) Importer(815301076,1909f56bfc062723c751e8b465ee728b)
Start importing Assets/3D MODELS/BrokenVector/LowPolyTreePack/Models/Tree Type2 04.dae using Guid(49a13064a6f46f1438de87926fc5fc42) Importer(815301076,1909f56bfc062723c751e8b465ee728b)  -> (artifact id: '4622a4e5afa659f77b9a774d2dc37c46') in 0.007655 seconds
  Import took 0.009634 seconds .

========================================================================
Received Import Request.
  Time since last request: 1839.528936 seconds.
  path: Assets/3D MODELS/BrokenVector/LowPolyTreePack/Materials
  artifactKey: Guid(7f7af0acf4987b0428e8f0c12ace64fd) Importer(815301076,1909f56bfc062723c751e8b465ee728b)
Start importing Assets/3D MODELS/BrokenVector/LowPolyTreePack/Materials using Guid(7f7af0acf4987b0428e8f0c12ace64fd) Importer(815301076,1909f56bfc062723c751e8b465ee728b)  -> (artifact id: '94fcb959e264beb1633db0cd491c14ca') in 0.001411 seconds
  Import took 0.003243 seconds .

========================================================================
Received Import Request.
  Time since last request: 0.048345 seconds.
  path: Assets/3D MODELS/BrokenVector/LowPolyTreePack/Materials/Cold.mat
  artifactKey: Guid(d945c681c4504df439962c1a6f33d8af) Importer(815301076,1909f56bfc062723c751e8b465ee728b)
Start importing Assets/3D MODELS/BrokenVector/LowPolyTreePack/Materials/Cold.mat using Guid(d945c681c4504df439962c1a6f33d8af) Importer(815301076,1909f56bfc062723c751e8b465ee728b)  -> (artifact id: '14ac8e945d8be13e0095debcc221ca13') in 0.018756 seconds
  Import took 0.020784 seconds .

========================================================================
Received Import Request.
  Time since last request: 0.000260 seconds.
  path: Assets/3D MODELS/BrokenVector/LowPolyTreePack/Materials/Dry.mat
  artifactKey: Guid(894583d895d58b444b8e8b67169bd2a4) Importer(815301076,1909f56bfc062723c751e8b465ee728b)
Start importing Assets/3D MODELS/BrokenVector/LowPolyTreePack/Materials/Dry.mat using Guid(894583d895d58b444b8e8b67169bd2a4) Importer(815301076,1909f56bfc062723c751e8b465ee728b)  -> (artifact id: '8ef0072d45de519e556668df34e55066') in 0.006261 seconds
  Import took 0.008154 seconds .

========================================================================
Received Import Request.
  Time since last request: 0.000214 seconds.
  path: Assets/3D MODELS/BrokenVector/LowPolyTreePack/Materials/Fall.mat
  artifactKey: Guid(a62e8da5194101042a4d89028ef6f912) Importer(815301076,1909f56bfc062723c751e8b465ee728b)
Start importing Assets/3D MODELS/BrokenVector/LowPolyTreePack/Materials/Fall.mat using Guid(a62e8da5194101042a4d89028ef6f912) Importer(815301076,1909f56bfc062723c751e8b465ee728b)  -> (artifact id: 'a90da616b0bf89c3e71cf8417ba88dae') in 0.005438 seconds
  Import took 0.007067 seconds .

========================================================================
Received Import Request.
  Time since last request: 0.000230 seconds.
  path: Assets/3D MODELS/BrokenVector/LowPolyTreePack/Materials/Normal.mat
  artifactKey: Guid(fe3e3b8ebc1a32647b48b7ea88f534a8) Importer(815301076,1909f56bfc062723c751e8b465ee728b)
Start importing Assets/3D MODELS/BrokenVector/LowPolyTreePack/Materials/Normal.mat using Guid(fe3e3b8ebc1a32647b48b7ea88f534a8) Importer(815301076,1909f56bfc062723c751e8b465ee728b)  -> (artifact id: 'f3a5e329227af700d5f2cf5ceea81d07') in 0.006114 seconds
  Import took 0.007993 seconds .

========================================================================
Received Import Request.
  Time since last request: 2.495027 seconds.
  path: Assets/3D MODELS/BrokenVector/LowPolyTreePack/Textures
  artifactKey: Guid(13e5a42f2899f0849b9dc641367ed690) Importer(815301076,1909f56bfc062723c751e8b465ee728b)
Start importing Assets/3D MODELS/BrokenVector/LowPolyTreePack/Textures using Guid(13e5a42f2899f0849b9dc641367ed690) Importer(815301076,1909f56bfc062723c751e8b465ee728b)  -> (artifact id: 'bda6a606783400734633a5806de963de') in 0.001267 seconds
  Import took 0.003285 seconds .

========================================================================
Received Import Request.
  Time since last request: 0.040102 seconds.
  path: Assets/3D MODELS/BrokenVector/LowPolyTreePack/Textures/Colorsheet Tree Cold.png
  artifactKey: Guid(ed297eb21cb5e5e4188600ba2d272554) Importer(815301076,1909f56bfc062723c751e8b465ee728b)
Start importing Assets/3D MODELS/BrokenVector/LowPolyTreePack/Textures/Colorsheet Tree Cold.png using Guid(ed297eb21cb5e5e4188600ba2d272554) Importer(815301076,1909f56bfc062723c751e8b465ee728b)  -> (artifact id: '7343d6782c41e0204c0ded09e01e6033') in 0.005488 seconds
  Import took 0.007336 seconds .

========================================================================
Received Import Request.
  Time since last request: 0.000260 seconds.
  path: Assets/3D MODELS/BrokenVector/LowPolyTreePack/Textures/Colorsheet Tree Fall.png
  artifactKey: Guid(99897f7919c46fc43969a2a130434315) Importer(815301076,1909f56bfc062723c751e8b465ee728b)
Start importing Assets/3D MODELS/BrokenVector/LowPolyTreePack/Textures/Colorsheet Tree Fall.png using Guid(99897f7919c46fc43969a2a130434315) Importer(815301076,1909f56bfc062723c751e8b465ee728b)  -> (artifact id: '8d8069a48cd59bcb1436a98a58284bfb') in 0.003333 seconds
  Import took 0.004954 seconds .

========================================================================
Received Import Request.
  Time since last request: 0.000206 seconds.
  path: Assets/3D MODELS/BrokenVector/LowPolyTreePack/Textures/Colorsheet Tree Normal.png
  artifactKey: Guid(8ba8b94b5ab0c214fa2810a7df98a1a9) Importer(815301076,1909f56bfc062723c751e8b465ee728b)
Start importing Assets/3D MODELS/BrokenVector/LowPolyTreePack/Textures/Colorsheet Tree Normal.png using Guid(8ba8b94b5ab0c214fa2810a7df98a1a9) Importer(815301076,1909f56bfc062723c751e8b465ee728b)  -> (artifact id: 'dd6f2e60a313e49a31750c72404f2d61') in 0.003366 seconds
  Import took 0.004883 seconds .

========================================================================
Received Import Request.
  Time since last request: 0.000200 seconds.
  path: Assets/3D MODELS/BrokenVector/LowPolyTreePack/Textures/Colorsheet Tree Dry.png
  artifactKey: Guid(9236635f319ab034fa33215e8eaa903a) Importer(815301076,1909f56bfc062723c751e8b465ee728b)
Start importing Assets/3D MODELS/BrokenVector/LowPolyTreePack/Textures/Colorsheet Tree Dry.png using Guid(9236635f319ab034fa33215e8eaa903a) Importer(815301076,1909f56bfc062723c751e8b465ee728b)  -> (artifact id: '07b3ace5da9cff3c5cebffa9c27e6d0e') in 0.003914 seconds
  Import took 0.005797 seconds .

========================================================================
Received Import Request.
  Time since last request: 132.129462 seconds.
  path: Assets/New Terrain.asset
  artifactKey: Guid(14ed19edcd927ff4d9b2509f1d13c8ef) Importer(815301076,1909f56bfc062723c751e8b465ee728b)
Start importing Assets/New Terrain.asset using Guid(14ed19edcd927ff4d9b2509f1d13c8ef) Importer(815301076,1909f56bfc062723c751e8b465ee728b) The tree Tree Type4 04 must use the Nature/Soft Occlusion shader. Otherwise billboarding/lighting will not work correctly.

 -> (artifact id: '6b324a269326e5794c13feeb8e8a5154') in 0.011325 seconds
  Import took 0.013431 seconds .

AssetImportWorkerClient::OnTransportError - code=2 error=End of file
